{
  "RSpec": {
    "coverage": {
      "/Users/lorna/Documents/lorna_code/smart_pension_tech_test_for_display/spec/webpage_data_displayer_spec.rb": [
        1,
        null,
        1,
        6,
        6,
        null,
        1,
        1,
        7,
        null,
        null,
        null,
        null,
        1,
        1,
        1,
        null,
        null,
        null,
        null,
        null,
        null,
        null,
        1,
        7,
        null,
        null,
        null,
        null,
        null,
        null,
        null,
        1,
        1,
        1,
        null,
        null,
        null,
        null,
        1,
        1,
        1,
        null,
        null,
        null,
        null
      ],
      "/Users/lorna/Documents/lorna_code/smart_pension_tech_test_for_display/lib/webpage_data_displayer.rb": [
        1,
        null,
        1,
        null,
        1,
        null,
        1,
        5,
        5,
        null,
        null,
        1,
        1,
        1,
        1,
        6,
        null,
        1,
        null,
        null,
        1,
        1,
        1,
        1,
        6,
        null,
        1,
        null,
        null,
        1,
        14,
        null,
        null,
        1,
        2,
        14,
        null,
        null,
        1,
        3,
        126,
        null,
        null,
        null,
        null
      ],
      "/Users/lorna/Documents/lorna_code/smart_pension_tech_test_for_display/lib/webpage_data_processor.rb": [
        1,
        null,
        1,
        1,
        null,
        null,
        1,
        12,
        12,
        12,
        12,
        12,
        12,
        null,
        null,
        1,
        5,
        5,
        5,
        5,
        5,
        null,
        null,
        1,
        17,
        null,
        null,
        1,
        12,
        6000,
        6000,
        null,
        null,
        null,
        1,
        10,
        5000,
        null,
        10,
        null,
        null,
        1,
        8,
        4000,
        null,
        8,
        null,
        null,
        1,
        7,
        7,
        42,
        null,
        null,
        null,
        1,
        null,
        1,
        42,
        5670,
        945,
        945,
        null,
        null,
        null,
        null,
        1,
        7,
        42,
        null,
        null,
        null
      ],
      "/Users/lorna/Documents/lorna_code/smart_pension_tech_test_for_display/spec/webpage_data_processor_spec.rb": [
        1,
        null,
        1,
        8,
        8,
        null,
        1,
        1,
        1,
        1,
        1,
        null,
        null,
        null,
        1,
        1,
        1,
        136,
        null,
        1,
        1,
        136,
        null,
        1,
        1,
        136,
        null,
        null,
        null,
        1,
        1,
        1,
        1,
        1,
        null,
        null,
        null,
        1,
        1,
        1,
        7,
        null,
        null,
        1,
        1,
        7,
        null,
        null,
        null,
        1,
        2,
        2,
        2,
        2,
        null,
        null,
        1,
        3,
        3,
        null,
        null
      ]
    },
    "timestamp": 1576064867
  }
}
